<?xml version="1.0" encoding="UTF-8"?>
<!-- Generated by org.testng.reporters.JUnitReportReporter -->
<testsuite hostname="Ranjithas-MacBook-Air.local" failures="0" tests="3" name="Framework.tests.SubmitOrderTest" time="12.866" errors="0" timestamp="2023-12-17T21:44:02 IST" skipped="0">
  <testcase classname="Framework.tests.SubmitOrderTest" name="submitOrderTest" time="4.884"/>
  <testcase classname="Framework.tests.SubmitOrderTest" name="orderHistoryTest" time="3.063"/>
  <testcase classname="Framework.tests.SubmitOrderTest" name="submitOrderTest" time="4.919"/>
</testsuite> <!-- Framework.tests.SubmitOrderTest -->
