<?xml version="1.0" encoding="UTF-8"?>
<!-- Generated by org.testng.reporters.JUnitReportReporter -->
<testsuite hostname="Ranjithas-MacBook-Air.local" failures="0" tests="2" name="cucumber.TestNGTestRunnerEbay" time="31.820" errors="0" timestamp="2024-02-27T12:30:45 IST" skipped="0">
  <testcase classname="cucumber.TestNGTestRunnerEbay" name="runScenario" time="24.935"/>
  <testcase classname="cucumber.TestNGTestRunnerEbay" name="runScenario" time="6.885"/>
</testsuite> <!-- cucumber.TestNGTestRunnerEbay -->
