<?xml version="1.0" encoding="UTF-8"?>
<!-- Generated by org.testng.reporters.JUnitReportReporter -->
<testsuite hostname="Ranjithas-MacBook-Air.local" failures="0" tests="1" name="Framework.tests.MainTest" time="6.403" errors="0" timestamp="2023-12-15T10:47:43 IST" skipped="0">
  <testcase classname="Framework.tests.MainTest" name="submitOrderTest" time="6.403"/>
</testsuite> <!-- Framework.tests.MainTest -->
