<?xml version="1.0" encoding="UTF-8"?>
<!-- Generated by org.testng.reporters.JUnitReportReporter -->
<testsuite hostname="Ranjithas-MacBook-Air.local" failures="0" tests="2" name="Framework.tests.ErrorValidations" time="8.717" errors="0" timestamp="2023-12-15T12:00:34 IST" skipped="0">
  <testcase classname="Framework.tests.ErrorValidations" name="cartProductVerification" time="4.253"/>
  <testcase classname="Framework.tests.ErrorValidations" name="loginErrorValidation" time="4.464"/>
</testsuite> <!-- Framework.tests.ErrorValidations -->
