<?xml version="1.0" encoding="UTF-8"?>
<!-- Generated by org.testng.reporters.JUnitReportReporter -->
<testsuite hostname="Ranjithas-MacBook-Air.local" failures="0" tests="2" name="cucumber.TestNGTestRunner" time="10.906" errors="0" timestamp="2023-12-18T23:33:49 IST" skipped="0">
  <testcase classname="cucumber.TestNGTestRunner" name="runScenario" time="5.973"/>
  <testcase classname="cucumber.TestNGTestRunner" name="runScenario" time="4.933"/>
</testsuite> <!-- cucumber.TestNGTestRunner -->
