<?xml version="1.0" encoding="UTF-8"?>
<!-- Generated by org.testng.reporters.JUnitReportReporter -->
<testsuite hostname="Ranjithas-MacBook-Air.local" failures="0" tests="2" name="Framework.tests.ErrorValidationsTest" time="7.302" errors="0" timestamp="2023-12-17T21:44:02 IST" skipped="0">
  <testcase classname="Framework.tests.ErrorValidationsTest" name="cartProductVerification" time="5.283"/>
  <testcase classname="Framework.tests.ErrorValidationsTest" name="loginErrorValidation" time="2.019"/>
</testsuite> <!-- Framework.tests.ErrorValidationsTest -->
