<?xml version="1.0" encoding="UTF-8"?>
<!-- Generated by org.testng.reporters.JUnitReportReporter -->
<testsuite hostname="Ranjithas-MacBook-Air.local" failures="0" tests="2" name="cucumber.TestNGTestRunnerEbay" time="51.574" errors="0" timestamp="2024-02-27T14:19:58 IST" skipped="0">
  <testcase classname="cucumber.TestNGTestRunnerEbay" name="runScenario" time="45.515"/>
  <testcase classname="cucumber.TestNGTestRunnerEbay" name="runScenario" time="6.059"/>
</testsuite> <!-- cucumber.TestNGTestRunnerEbay -->
